SF:lib/src/fake_store_api_client.dart
DA:17,1
DA:18,1
DA:25,1
DA:26,1
DA:28,2
DA:30,2
DA:31,1
DA:34,2
DA:36,1
DA:37,1
DA:40,4
LF:11
LH:11
end_of_record
SF:lib/src/models/product.dart
DA:8,2
DA:26,2
DA:27,2
LF:3
LH:3
end_of_record
SF:lib/src/models/product.g.dart
DA:11,4
DA:14,2
DA:15,2
DA:16,6
DA:17,4
DA:18,6
DA:19,4
DA:20,4
DA:21,4
DA:22,2
DA:23,4
LF:11
LH:11
end_of_record
SF:lib/src/models/rating.dart
DA:10,2
DA:15,4
LF:2
LH:2
end_of_record
SF:lib/src/models/rating.g.dart
DA:11,4
DA:14,2
DA:15,2
DA:16,6
DA:17,6
LF:5
LH:5
end_of_record
